<?xml version="1.0" encoding="UTF-8"?>
<!-- Generated by org.testng.reporters.JUnitReportReporter -->
<testsuite hostname="BUTU" name="com.common.Demo" tests="1" failures="0" timestamp="8 Mar 2017 16:36:51 GMT" time="0.038" errors="0">
  <testcase name="main" time="0.038" classname="com.common.Demo"/>
</testsuite> <!-- com.common.Demo -->
